[2021-05-07 15:39:05,203] {taskinstance.py:851} INFO - Dependencies all met for <TaskInstance: python_dag.helloworld 2020-05-02T19:10:00+00:00 [queued]>
[2021-05-07 15:39:05,449] {taskinstance.py:851} INFO - Dependencies all met for <TaskInstance: python_dag.helloworld 2020-05-02T19:10:00+00:00 [queued]>
[2021-05-07 15:39:05,450] {taskinstance.py:1042} INFO - 
--------------------------------------------------------------------------------
[2021-05-07 15:39:05,451] {taskinstance.py:1043} INFO - Starting attempt 1 of 2
[2021-05-07 15:39:05,451] {taskinstance.py:1044} INFO - 
--------------------------------------------------------------------------------
[2021-05-07 15:39:05,521] {taskinstance.py:1063} INFO - Executing <Task(PythonOperator): helloworld> on 2020-05-02T19:10:00+00:00
[2021-05-07 15:39:05,569] {standard_task_runner.py:52} INFO - Started process 11621 to run task
[2021-05-07 15:39:05,621] {standard_task_runner.py:76} INFO - Running: ['airflow', 'tasks', 'run', 'python_dag', 'helloworld', '2020-05-02T19:10:00+00:00', '--job-id', '59', '--pool', 'default_pool', '--raw', '--subdir', 'DAGS_FOLDER/test_dag_python.py', '--cfg-path', '/tmp/tmp2boyrvqe', '--error-file', '/tmp/tmpc82ozqsj']
[2021-05-07 15:39:05,648] {standard_task_runner.py:77} INFO - Job 59: Subtask helloworld
[2021-05-07 15:39:07,345] {logging_mixin.py:104} INFO - Running <TaskInstance: python_dag.helloworld 2020-05-02T19:10:00+00:00 [running]> on host jaarora-WX-1.corp.adobe.com
[2021-05-07 15:39:08,525] {taskinstance.py:1257} INFO - Exporting the following env vars:
AIRFLOW_CTX_DAG_EMAIL=jacrod2901@gmail.com
AIRFLOW_CTX_DAG_OWNER=jacrod2901
AIRFLOW_CTX_DAG_ID=python_dag
AIRFLOW_CTX_TASK_ID=helloworld
AIRFLOW_CTX_EXECUTION_DATE=2020-05-02T19:10:00+00:00
AIRFLOW_CTX_DAG_RUN_ID=scheduled__2020-05-02T19:10:00+00:00
[2021-05-07 15:39:08,529] {python.py:118} INFO - Done. Returned value was: Printing hello world!
[2021-05-07 15:39:09,162] {taskinstance.py:1166} INFO - Marking task as SUCCESS. dag_id=python_dag, task_id=helloworld, execution_date=20200502T191000, start_date=20210507T100905, end_date=20210507T100909
[2021-05-07 15:39:09,552] {taskinstance.py:1220} INFO - 0 downstream tasks scheduled from follow-on schedule check
[2021-05-07 15:39:09,582] {local_task_job.py:146} INFO - Task exited with return code 0
