[2021-05-07 15:23:57,745] {taskinstance.py:851} INFO - Dependencies all met for <TaskInstance: bash_dag.print_date 2020-05-02T19:04:00+00:00 [queued]>
[2021-05-07 15:23:58,535] {taskinstance.py:851} INFO - Dependencies all met for <TaskInstance: bash_dag.print_date 2020-05-02T19:04:00+00:00 [queued]>
[2021-05-07 15:23:58,536] {taskinstance.py:1042} INFO - 
--------------------------------------------------------------------------------
[2021-05-07 15:23:58,537] {taskinstance.py:1043} INFO - Starting attempt 1 of 2
[2021-05-07 15:23:58,537] {taskinstance.py:1044} INFO - 
--------------------------------------------------------------------------------
[2021-05-07 15:23:58,763] {taskinstance.py:1063} INFO - Executing <Task(BashOperator): print_date> on 2020-05-02T19:04:00+00:00
[2021-05-07 15:23:58,873] {standard_task_runner.py:52} INFO - Started process 5645 to run task
[2021-05-07 15:23:59,011] {standard_task_runner.py:76} INFO - Running: ['airflow', 'tasks', 'run', 'bash_dag', 'print_date', '2020-05-02T19:04:00+00:00', '--job-id', '23', '--pool', 'default_pool', '--raw', '--subdir', 'DAGS_FOLDER/test_dag1.py', '--cfg-path', '/tmp/tmpt3p6pecg', '--error-file', '/tmp/tmpx92oemsv']
[2021-05-07 15:23:59,073] {standard_task_runner.py:77} INFO - Job 23: Subtask print_date
[2021-05-07 15:24:02,455] {logging_mixin.py:104} INFO - Running <TaskInstance: bash_dag.print_date 2020-05-02T19:04:00+00:00 [running]> on host jaarora-WX-1.corp.adobe.com
[2021-05-07 15:24:04,267] {taskinstance.py:1257} INFO - Exporting the following env vars:
AIRFLOW_CTX_DAG_EMAIL=jacrod2901@gmail.com
AIRFLOW_CTX_DAG_OWNER=jacrod2901
AIRFLOW_CTX_DAG_ID=bash_dag
AIRFLOW_CTX_TASK_ID=print_date
AIRFLOW_CTX_EXECUTION_DATE=2020-05-02T19:04:00+00:00
AIRFLOW_CTX_DAG_RUN_ID=scheduled__2020-05-02T19:04:00+00:00
[2021-05-07 15:24:04,271] {bash.py:135} INFO - Tmp dir root location: 
 /tmp
[2021-05-07 15:24:04,277] {bash.py:158} INFO - Running command: date
[2021-05-07 15:24:04,468] {bash.py:169} INFO - Output:
[2021-05-07 15:24:04,629] {bash.py:173} INFO - Fri May  7 15:24:04 IST 2021
[2021-05-07 15:24:04,631] {bash.py:177} INFO - Command exited with return code 0
[2021-05-07 15:24:06,362] {taskinstance.py:1166} INFO - Marking task as SUCCESS. dag_id=bash_dag, task_id=print_date, execution_date=20200502T190400, start_date=20210507T095357, end_date=20210507T095406
[2021-05-07 15:24:08,021] {taskinstance.py:1220} INFO - 0 downstream tasks scheduled from follow-on schedule check
[2021-05-07 15:24:08,050] {local_task_job.py:146} INFO - Task exited with return code 0
