[2021-05-07 16:27:01,887] {taskinstance.py:851} INFO - Dependencies all met for <TaskInstance: runs_dag.helloworld 2021-05-07T10:54:00+00:00 [queued]>
[2021-05-07 16:27:01,943] {taskinstance.py:851} INFO - Dependencies all met for <TaskInstance: runs_dag.helloworld 2021-05-07T10:54:00+00:00 [queued]>
[2021-05-07 16:27:01,943] {taskinstance.py:1042} INFO - 
--------------------------------------------------------------------------------
[2021-05-07 16:27:01,944] {taskinstance.py:1043} INFO - Starting attempt 1 of 2
[2021-05-07 16:27:01,944] {taskinstance.py:1044} INFO - 
--------------------------------------------------------------------------------
[2021-05-07 16:27:01,961] {taskinstance.py:1063} INFO - Executing <Task(PythonOperator): helloworld> on 2021-05-07T10:54:00+00:00
[2021-05-07 16:27:01,981] {standard_task_runner.py:52} INFO - Started process 26873 to run task
[2021-05-07 16:27:02,008] {standard_task_runner.py:76} INFO - Running: ['airflow', 'tasks', 'run', 'runs_dag', 'helloworld', '2021-05-07T10:54:00+00:00', '--job-id', '96', '--pool', 'default_pool', '--raw', '--subdir', 'DAGS_FOLDER/test_dag_runs.py', '--cfg-path', '/tmp/tmphm5pjn9y', '--error-file', '/tmp/tmpjogfwmob']
[2021-05-07 16:27:02,017] {standard_task_runner.py:77} INFO - Job 96: Subtask helloworld
[2021-05-07 16:27:02,284] {logging_mixin.py:104} INFO - Running <TaskInstance: runs_dag.helloworld 2021-05-07T10:54:00+00:00 [running]> on host jaarora-WX-1.corp.adobe.com
[2021-05-07 16:27:02,614] {taskinstance.py:1257} INFO - Exporting the following env vars:
AIRFLOW_CTX_DAG_EMAIL=jacrod2901@gmail.com
AIRFLOW_CTX_DAG_OWNER=jacrod2901
AIRFLOW_CTX_DAG_ID=runs_dag
AIRFLOW_CTX_TASK_ID=helloworld
AIRFLOW_CTX_EXECUTION_DATE=2021-05-07T10:54:00+00:00
AIRFLOW_CTX_DAG_RUN_ID=scheduled__2021-05-07T10:54:00+00:00
[2021-05-07 16:27:02,616] {python.py:118} INFO - Done. Returned value was: Printing hello world!
[2021-05-07 16:27:02,775] {taskinstance.py:1166} INFO - Marking task as SUCCESS. dag_id=runs_dag, task_id=helloworld, execution_date=20210507T105400, start_date=20210507T105701, end_date=20210507T105702
[2021-05-07 16:27:02,902] {taskinstance.py:1220} INFO - 0 downstream tasks scheduled from follow-on schedule check
[2021-05-07 16:27:02,914] {local_task_job.py:146} INFO - Task exited with return code 0
