[2021-05-07 15:23:33,773] {taskinstance.py:851} INFO - Dependencies all met for <TaskInstance: bash_dag.print_date 2020-05-02T18:42:00+00:00 [queued]>
[2021-05-07 15:23:33,981] {taskinstance.py:851} INFO - Dependencies all met for <TaskInstance: bash_dag.print_date 2020-05-02T18:42:00+00:00 [queued]>
[2021-05-07 15:23:33,982] {taskinstance.py:1042} INFO - 
--------------------------------------------------------------------------------
[2021-05-07 15:23:33,982] {taskinstance.py:1043} INFO - Starting attempt 1 of 2
[2021-05-07 15:23:33,982] {taskinstance.py:1044} INFO - 
--------------------------------------------------------------------------------
[2021-05-07 15:23:34,050] {taskinstance.py:1063} INFO - Executing <Task(BashOperator): print_date> on 2020-05-02T18:42:00+00:00
[2021-05-07 15:23:34,071] {standard_task_runner.py:52} INFO - Started process 5181 to run task
[2021-05-07 15:23:34,097] {standard_task_runner.py:76} INFO - Running: ['airflow', 'tasks', 'run', 'bash_dag', 'print_date', '2020-05-02T18:42:00+00:00', '--job-id', '11', '--pool', 'default_pool', '--raw', '--subdir', 'DAGS_FOLDER/test_dag1.py', '--cfg-path', '/tmp/tmpp5e7ik_g', '--error-file', '/tmp/tmp402jcjhj']
[2021-05-07 15:23:34,104] {standard_task_runner.py:77} INFO - Job 11: Subtask print_date
[2021-05-07 15:23:35,148] {logging_mixin.py:104} INFO - Running <TaskInstance: bash_dag.print_date 2020-05-02T18:42:00+00:00 [running]> on host jaarora-WX-1.corp.adobe.com
[2021-05-07 15:23:36,080] {taskinstance.py:1257} INFO - Exporting the following env vars:
AIRFLOW_CTX_DAG_EMAIL=jacrod2901@gmail.com
AIRFLOW_CTX_DAG_OWNER=jacrod2901
AIRFLOW_CTX_DAG_ID=bash_dag
AIRFLOW_CTX_TASK_ID=print_date
AIRFLOW_CTX_EXECUTION_DATE=2020-05-02T18:42:00+00:00
AIRFLOW_CTX_DAG_RUN_ID=scheduled__2020-05-02T18:42:00+00:00
[2021-05-07 15:23:36,081] {bash.py:135} INFO - Tmp dir root location: 
 /tmp
[2021-05-07 15:23:36,083] {bash.py:158} INFO - Running command: date
[2021-05-07 15:23:36,127] {bash.py:169} INFO - Output:
[2021-05-07 15:23:36,144] {bash.py:173} INFO - Fri May  7 15:23:36 IST 2021
[2021-05-07 15:23:36,145] {bash.py:177} INFO - Command exited with return code 0
[2021-05-07 15:23:37,098] {taskinstance.py:1166} INFO - Marking task as SUCCESS. dag_id=bash_dag, task_id=print_date, execution_date=20200502T184200, start_date=20210507T095333, end_date=20210507T095337
[2021-05-07 15:23:38,550] {taskinstance.py:1220} INFO - 0 downstream tasks scheduled from follow-on schedule check
[2021-05-07 15:23:38,566] {local_task_job.py:146} INFO - Task exited with return code 0
