[2021-05-07 15:39:27,814] {taskinstance.py:851} INFO - Dependencies all met for <TaskInstance: python_dag.helloworld 2020-05-02T19:44:00+00:00 [queued]>
[2021-05-07 15:39:28,016] {taskinstance.py:851} INFO - Dependencies all met for <TaskInstance: python_dag.helloworld 2020-05-02T19:44:00+00:00 [queued]>
[2021-05-07 15:39:28,017] {taskinstance.py:1042} INFO - 
--------------------------------------------------------------------------------
[2021-05-07 15:39:28,017] {taskinstance.py:1043} INFO - Starting attempt 1 of 2
[2021-05-07 15:39:28,017] {taskinstance.py:1044} INFO - 
--------------------------------------------------------------------------------
[2021-05-07 15:39:28,057] {taskinstance.py:1063} INFO - Executing <Task(PythonOperator): helloworld> on 2020-05-02T19:44:00+00:00
[2021-05-07 15:39:28,072] {standard_task_runner.py:52} INFO - Started process 12163 to run task
[2021-05-07 15:39:28,091] {standard_task_runner.py:76} INFO - Running: ['airflow', 'tasks', 'run', 'python_dag', 'helloworld', '2020-05-02T19:44:00+00:00', '--job-id', '76', '--pool', 'default_pool', '--raw', '--subdir', 'DAGS_FOLDER/test_dag_python.py', '--cfg-path', '/tmp/tmpe1ww62yj', '--error-file', '/tmp/tmp74cd6iu_']
[2021-05-07 15:39:28,097] {standard_task_runner.py:77} INFO - Job 76: Subtask helloworld
[2021-05-07 15:39:29,008] {logging_mixin.py:104} INFO - Running <TaskInstance: python_dag.helloworld 2020-05-02T19:44:00+00:00 [running]> on host jaarora-WX-1.corp.adobe.com
[2021-05-07 15:39:30,086] {taskinstance.py:1257} INFO - Exporting the following env vars:
AIRFLOW_CTX_DAG_EMAIL=jacrod2901@gmail.com
AIRFLOW_CTX_DAG_OWNER=jacrod2901
AIRFLOW_CTX_DAG_ID=python_dag
AIRFLOW_CTX_TASK_ID=helloworld
AIRFLOW_CTX_EXECUTION_DATE=2020-05-02T19:44:00+00:00
AIRFLOW_CTX_DAG_RUN_ID=scheduled__2020-05-02T19:44:00+00:00
[2021-05-07 15:39:30,089] {python.py:118} INFO - Done. Returned value was: Printing hello world!
[2021-05-07 15:39:30,797] {taskinstance.py:1166} INFO - Marking task as SUCCESS. dag_id=python_dag, task_id=helloworld, execution_date=20200502T194400, start_date=20210507T100927, end_date=20210507T100930
[2021-05-07 15:39:31,225] {taskinstance.py:1220} INFO - 0 downstream tasks scheduled from follow-on schedule check
[2021-05-07 15:39:31,241] {local_task_job.py:146} INFO - Task exited with return code 0
