[2021-05-07 15:39:21,795] {taskinstance.py:851} INFO - Dependencies all met for <TaskInstance: python_dag.helloworld 2020-05-02T19:34:00+00:00 [queued]>
[2021-05-07 15:39:21,924] {taskinstance.py:851} INFO - Dependencies all met for <TaskInstance: python_dag.helloworld 2020-05-02T19:34:00+00:00 [queued]>
[2021-05-07 15:39:21,924] {taskinstance.py:1042} INFO - 
--------------------------------------------------------------------------------
[2021-05-07 15:39:21,924] {taskinstance.py:1043} INFO - Starting attempt 1 of 2
[2021-05-07 15:39:21,925] {taskinstance.py:1044} INFO - 
--------------------------------------------------------------------------------
[2021-05-07 15:39:21,952] {taskinstance.py:1063} INFO - Executing <Task(PythonOperator): helloworld> on 2020-05-02T19:34:00+00:00
[2021-05-07 15:39:21,979] {standard_task_runner.py:52} INFO - Started process 12019 to run task
[2021-05-07 15:39:22,014] {standard_task_runner.py:76} INFO - Running: ['airflow', 'tasks', 'run', 'python_dag', 'helloworld', '2020-05-02T19:34:00+00:00', '--job-id', '71', '--pool', 'default_pool', '--raw', '--subdir', 'DAGS_FOLDER/test_dag_python.py', '--cfg-path', '/tmp/tmpj62hmxle', '--error-file', '/tmp/tmp0wygrdjn']
[2021-05-07 15:39:22,020] {standard_task_runner.py:77} INFO - Job 71: Subtask helloworld
[2021-05-07 15:39:22,647] {logging_mixin.py:104} INFO - Running <TaskInstance: python_dag.helloworld 2020-05-02T19:34:00+00:00 [running]> on host jaarora-WX-1.corp.adobe.com
[2021-05-07 15:39:23,240] {taskinstance.py:1257} INFO - Exporting the following env vars:
AIRFLOW_CTX_DAG_EMAIL=jacrod2901@gmail.com
AIRFLOW_CTX_DAG_OWNER=jacrod2901
AIRFLOW_CTX_DAG_ID=python_dag
AIRFLOW_CTX_TASK_ID=helloworld
AIRFLOW_CTX_EXECUTION_DATE=2020-05-02T19:34:00+00:00
AIRFLOW_CTX_DAG_RUN_ID=scheduled__2020-05-02T19:34:00+00:00
[2021-05-07 15:39:23,242] {python.py:118} INFO - Done. Returned value was: Printing hello world!
[2021-05-07 15:39:23,662] {taskinstance.py:1166} INFO - Marking task as SUCCESS. dag_id=python_dag, task_id=helloworld, execution_date=20200502T193400, start_date=20210507T100921, end_date=20210507T100923
[2021-05-07 15:39:24,158] {taskinstance.py:1220} INFO - 0 downstream tasks scheduled from follow-on schedule check
[2021-05-07 15:39:24,195] {local_task_job.py:146} INFO - Task exited with return code 0
