[2021-05-07 16:42:01,625] {taskinstance.py:851} INFO - Dependencies all met for <TaskInstance: runs_dag.helloworld 2021-05-07T11:09:00+00:00 [queued]>
[2021-05-07 16:42:01,674] {taskinstance.py:851} INFO - Dependencies all met for <TaskInstance: runs_dag.helloworld 2021-05-07T11:09:00+00:00 [queued]>
[2021-05-07 16:42:01,674] {taskinstance.py:1042} INFO - 
--------------------------------------------------------------------------------
[2021-05-07 16:42:01,674] {taskinstance.py:1043} INFO - Starting attempt 1 of 2
[2021-05-07 16:42:01,674] {taskinstance.py:1044} INFO - 
--------------------------------------------------------------------------------
[2021-05-07 16:42:01,690] {taskinstance.py:1063} INFO - Executing <Task(PythonOperator): helloworld> on 2021-05-07T11:09:00+00:00
[2021-05-07 16:42:01,708] {standard_task_runner.py:52} INFO - Started process 32537 to run task
[2021-05-07 16:42:01,723] {standard_task_runner.py:76} INFO - Running: ['airflow', 'tasks', 'run', 'runs_dag', 'helloworld', '2021-05-07T11:09:00+00:00', '--job-id', '101', '--pool', 'default_pool', '--raw', '--subdir', 'DAGS_FOLDER/test_dag_runs.py', '--cfg-path', '/tmp/tmp2p7of44k', '--error-file', '/tmp/tmpmgw3p49w']
[2021-05-07 16:42:01,728] {standard_task_runner.py:77} INFO - Job 101: Subtask helloworld
[2021-05-07 16:42:01,900] {logging_mixin.py:104} INFO - Running <TaskInstance: runs_dag.helloworld 2021-05-07T11:09:00+00:00 [running]> on host jaarora-WX-1.corp.adobe.com
[2021-05-07 16:42:02,062] {taskinstance.py:1257} INFO - Exporting the following env vars:
AIRFLOW_CTX_DAG_EMAIL=jacrod2901@gmail.com
AIRFLOW_CTX_DAG_OWNER=jacrod2901
AIRFLOW_CTX_DAG_ID=runs_dag
AIRFLOW_CTX_TASK_ID=helloworld
AIRFLOW_CTX_EXECUTION_DATE=2021-05-07T11:09:00+00:00
AIRFLOW_CTX_DAG_RUN_ID=scheduled__2021-05-07T11:09:00+00:00
[2021-05-07 16:42:02,064] {python.py:118} INFO - Done. Returned value was: Printing hello world!
[2021-05-07 16:42:02,301] {taskinstance.py:1166} INFO - Marking task as SUCCESS. dag_id=runs_dag, task_id=helloworld, execution_date=20210507T110900, start_date=20210507T111201, end_date=20210507T111202
[2021-05-07 16:42:02,469] {taskinstance.py:1220} INFO - 0 downstream tasks scheduled from follow-on schedule check
[2021-05-07 16:42:02,496] {local_task_job.py:146} INFO - Task exited with return code 0
