[2021-05-07 17:30:00,782] {taskinstance.py:851} INFO - Dependencies all met for <TaskInstance: runs_dag.helloworld 2021-05-07T11:57:00+00:00 [queued]>
[2021-05-07 17:30:00,827] {taskinstance.py:851} INFO - Dependencies all met for <TaskInstance: runs_dag.helloworld 2021-05-07T11:57:00+00:00 [queued]>
[2021-05-07 17:30:00,827] {taskinstance.py:1042} INFO - 
--------------------------------------------------------------------------------
[2021-05-07 17:30:00,827] {taskinstance.py:1043} INFO - Starting attempt 1 of 2
[2021-05-07 17:30:00,828] {taskinstance.py:1044} INFO - 
--------------------------------------------------------------------------------
[2021-05-07 17:30:00,843] {taskinstance.py:1063} INFO - Executing <Task(PythonOperator): helloworld> on 2021-05-07T11:57:00+00:00
[2021-05-07 17:30:00,858] {standard_task_runner.py:52} INFO - Started process 17389 to run task
[2021-05-07 17:30:00,874] {standard_task_runner.py:76} INFO - Running: ['airflow', 'tasks', 'run', 'runs_dag', 'helloworld', '2021-05-07T11:57:00+00:00', '--job-id', '117', '--pool', 'default_pool', '--raw', '--subdir', 'DAGS_FOLDER/test_dag_runs.py', '--cfg-path', '/tmp/tmpvn7fx0k9', '--error-file', '/tmp/tmp_tu7wsq_']
[2021-05-07 17:30:00,880] {standard_task_runner.py:77} INFO - Job 117: Subtask helloworld
[2021-05-07 17:30:01,047] {logging_mixin.py:104} INFO - Running <TaskInstance: runs_dag.helloworld 2021-05-07T11:57:00+00:00 [running]> on host jaarora-WX-1.corp.adobe.com
[2021-05-07 17:30:01,212] {taskinstance.py:1257} INFO - Exporting the following env vars:
AIRFLOW_CTX_DAG_EMAIL=jacrod2901@gmail.com
AIRFLOW_CTX_DAG_OWNER=jacrod2901
AIRFLOW_CTX_DAG_ID=runs_dag
AIRFLOW_CTX_TASK_ID=helloworld
AIRFLOW_CTX_EXECUTION_DATE=2021-05-07T11:57:00+00:00
AIRFLOW_CTX_DAG_RUN_ID=scheduled__2021-05-07T11:57:00+00:00
[2021-05-07 17:30:01,213] {python.py:118} INFO - Done. Returned value was: Printing hello world!
[2021-05-07 17:30:01,320] {taskinstance.py:1166} INFO - Marking task as SUCCESS. dag_id=runs_dag, task_id=helloworld, execution_date=20210507T115700, start_date=20210507T120000, end_date=20210507T120001
[2021-05-07 17:30:01,407] {taskinstance.py:1220} INFO - 0 downstream tasks scheduled from follow-on schedule check
[2021-05-07 17:30:01,448] {local_task_job.py:146} INFO - Task exited with return code 0
