[2021-05-07 15:39:03,109] {taskinstance.py:851} INFO - Dependencies all met for <TaskInstance: python_dag.helloworld 2020-05-02T19:08:00+00:00 [queued]>
[2021-05-07 15:39:03,552] {taskinstance.py:851} INFO - Dependencies all met for <TaskInstance: python_dag.helloworld 2020-05-02T19:08:00+00:00 [queued]>
[2021-05-07 15:39:03,556] {taskinstance.py:1042} INFO - 
--------------------------------------------------------------------------------
[2021-05-07 15:39:03,558] {taskinstance.py:1043} INFO - Starting attempt 1 of 2
[2021-05-07 15:39:03,560] {taskinstance.py:1044} INFO - 
--------------------------------------------------------------------------------
[2021-05-07 15:39:03,635] {taskinstance.py:1063} INFO - Executing <Task(PythonOperator): helloworld> on 2020-05-02T19:08:00+00:00
[2021-05-07 15:39:03,692] {standard_task_runner.py:52} INFO - Started process 11584 to run task
[2021-05-07 15:39:03,730] {standard_task_runner.py:76} INFO - Running: ['airflow', 'tasks', 'run', 'python_dag', 'helloworld', '2020-05-02T19:08:00+00:00', '--job-id', '58', '--pool', 'default_pool', '--raw', '--subdir', 'DAGS_FOLDER/test_dag_python.py', '--cfg-path', '/tmp/tmpr9uwqnqp', '--error-file', '/tmp/tmpw8vpblbd']
[2021-05-07 15:39:03,747] {standard_task_runner.py:77} INFO - Job 58: Subtask helloworld
[2021-05-07 15:39:04,872] {logging_mixin.py:104} INFO - Running <TaskInstance: python_dag.helloworld 2020-05-02T19:08:00+00:00 [running]> on host jaarora-WX-1.corp.adobe.com
[2021-05-07 15:39:06,078] {taskinstance.py:1257} INFO - Exporting the following env vars:
AIRFLOW_CTX_DAG_EMAIL=jacrod2901@gmail.com
AIRFLOW_CTX_DAG_OWNER=jacrod2901
AIRFLOW_CTX_DAG_ID=python_dag
AIRFLOW_CTX_TASK_ID=helloworld
AIRFLOW_CTX_EXECUTION_DATE=2020-05-02T19:08:00+00:00
AIRFLOW_CTX_DAG_RUN_ID=scheduled__2020-05-02T19:08:00+00:00
[2021-05-07 15:39:06,080] {python.py:118} INFO - Done. Returned value was: Printing hello world!
[2021-05-07 15:39:07,162] {taskinstance.py:1166} INFO - Marking task as SUCCESS. dag_id=python_dag, task_id=helloworld, execution_date=20200502T190800, start_date=20210507T100903, end_date=20210507T100907
[2021-05-07 15:39:07,968] {taskinstance.py:1220} INFO - 0 downstream tasks scheduled from follow-on schedule check
[2021-05-07 15:39:07,981] {local_task_job.py:146} INFO - Task exited with return code 0
