[2021-05-07 17:51:00,794] {taskinstance.py:851} INFO - Dependencies all met for <TaskInstance: runs_dag.helloworld 2021-05-07T12:18:00+00:00 [queued]>
[2021-05-07 17:51:00,843] {taskinstance.py:851} INFO - Dependencies all met for <TaskInstance: runs_dag.helloworld 2021-05-07T12:18:00+00:00 [queued]>
[2021-05-07 17:51:00,844] {taskinstance.py:1042} INFO - 
--------------------------------------------------------------------------------
[2021-05-07 17:51:00,844] {taskinstance.py:1043} INFO - Starting attempt 1 of 2
[2021-05-07 17:51:00,844] {taskinstance.py:1044} INFO - 
--------------------------------------------------------------------------------
[2021-05-07 17:51:00,869] {taskinstance.py:1063} INFO - Executing <Task(PythonOperator): helloworld> on 2021-05-07T12:18:00+00:00
[2021-05-07 17:51:00,886] {standard_task_runner.py:52} INFO - Started process 25068 to run task
[2021-05-07 17:51:00,904] {standard_task_runner.py:76} INFO - Running: ['airflow', 'tasks', 'run', 'runs_dag', 'helloworld', '2021-05-07T12:18:00+00:00', '--job-id', '124', '--pool', 'default_pool', '--raw', '--subdir', 'DAGS_FOLDER/test_dag_runs.py', '--cfg-path', '/tmp/tmpdv930of3', '--error-file', '/tmp/tmpp5hwilsa']
[2021-05-07 17:51:00,910] {standard_task_runner.py:77} INFO - Job 124: Subtask helloworld
[2021-05-07 17:51:01,145] {logging_mixin.py:104} INFO - Running <TaskInstance: runs_dag.helloworld 2021-05-07T12:18:00+00:00 [running]> on host jaarora-WX-1.corp.adobe.com
[2021-05-07 17:51:01,302] {taskinstance.py:1257} INFO - Exporting the following env vars:
AIRFLOW_CTX_DAG_EMAIL=jacrod2901@gmail.com
AIRFLOW_CTX_DAG_OWNER=jacrod2901
AIRFLOW_CTX_DAG_ID=runs_dag
AIRFLOW_CTX_TASK_ID=helloworld
AIRFLOW_CTX_EXECUTION_DATE=2021-05-07T12:18:00+00:00
AIRFLOW_CTX_DAG_RUN_ID=scheduled__2021-05-07T12:18:00+00:00
[2021-05-07 17:51:01,303] {python.py:118} INFO - Done. Returned value was: Printing hello world!
[2021-05-07 17:51:01,398] {taskinstance.py:1166} INFO - Marking task as SUCCESS. dag_id=runs_dag, task_id=helloworld, execution_date=20210507T121800, start_date=20210507T122100, end_date=20210507T122101
[2021-05-07 17:51:01,472] {taskinstance.py:1220} INFO - 0 downstream tasks scheduled from follow-on schedule check
[2021-05-07 17:51:01,495] {local_task_job.py:146} INFO - Task exited with return code 0
