[2021-05-07 15:39:41,083] {taskinstance.py:851} INFO - Dependencies all met for <TaskInstance: python_dag.helloworld 2020-05-02T19:54:00+00:00 [queued]>
[2021-05-07 15:39:42,244] {taskinstance.py:851} INFO - Dependencies all met for <TaskInstance: python_dag.helloworld 2020-05-02T19:54:00+00:00 [queued]>
[2021-05-07 15:39:42,245] {taskinstance.py:1042} INFO - 
--------------------------------------------------------------------------------
[2021-05-07 15:39:42,245] {taskinstance.py:1043} INFO - Starting attempt 1 of 2
[2021-05-07 15:39:42,246] {taskinstance.py:1044} INFO - 
--------------------------------------------------------------------------------
[2021-05-07 15:39:42,486] {taskinstance.py:1063} INFO - Executing <Task(PythonOperator): helloworld> on 2020-05-02T19:54:00+00:00
[2021-05-07 15:39:42,598] {standard_task_runner.py:52} INFO - Started process 12356 to run task
[2021-05-07 15:39:42,711] {standard_task_runner.py:76} INFO - Running: ['airflow', 'tasks', 'run', 'python_dag', 'helloworld', '2020-05-02T19:54:00+00:00', '--job-id', '81', '--pool', 'default_pool', '--raw', '--subdir', 'DAGS_FOLDER/test_dag_python.py', '--cfg-path', '/tmp/tmpyrgp7m7k', '--error-file', '/tmp/tmpmndh6p15']
[2021-05-07 15:39:42,776] {standard_task_runner.py:77} INFO - Job 81: Subtask helloworld
[2021-05-07 15:39:46,123] {logging_mixin.py:104} INFO - Running <TaskInstance: python_dag.helloworld 2020-05-02T19:54:00+00:00 [running]> on host jaarora-WX-1.corp.adobe.com
[2021-05-07 15:39:53,556] {taskinstance.py:1257} INFO - Exporting the following env vars:
AIRFLOW_CTX_DAG_EMAIL=jacrod2901@gmail.com
AIRFLOW_CTX_DAG_OWNER=jacrod2901
AIRFLOW_CTX_DAG_ID=python_dag
AIRFLOW_CTX_TASK_ID=helloworld
AIRFLOW_CTX_EXECUTION_DATE=2020-05-02T19:54:00+00:00
AIRFLOW_CTX_DAG_RUN_ID=scheduled__2020-05-02T19:54:00+00:00
[2021-05-07 15:39:53,560] {python.py:118} INFO - Done. Returned value was: Printing hello world!
[2021-05-07 15:39:55,576] {taskinstance.py:1166} INFO - Marking task as SUCCESS. dag_id=python_dag, task_id=helloworld, execution_date=20200502T195400, start_date=20210507T100941, end_date=20210507T100955
[2021-05-07 15:39:57,204] {taskinstance.py:1220} INFO - 0 downstream tasks scheduled from follow-on schedule check
[2021-05-07 15:39:57,232] {local_task_job.py:146} INFO - Task exited with return code 0
