[2021-05-07 16:39:02,467] {taskinstance.py:851} INFO - Dependencies all met for <TaskInstance: runs_dag.helloworld 2021-05-07T11:06:00+00:00 [queued]>
[2021-05-07 16:39:02,555] {taskinstance.py:851} INFO - Dependencies all met for <TaskInstance: runs_dag.helloworld 2021-05-07T11:06:00+00:00 [queued]>
[2021-05-07 16:39:02,555] {taskinstance.py:1042} INFO - 
--------------------------------------------------------------------------------
[2021-05-07 16:39:02,555] {taskinstance.py:1043} INFO - Starting attempt 1 of 2
[2021-05-07 16:39:02,556] {taskinstance.py:1044} INFO - 
--------------------------------------------------------------------------------
[2021-05-07 16:39:02,575] {taskinstance.py:1063} INFO - Executing <Task(PythonOperator): helloworld> on 2021-05-07T11:06:00+00:00
[2021-05-07 16:39:02,597] {standard_task_runner.py:52} INFO - Started process 31500 to run task
[2021-05-07 16:39:02,618] {standard_task_runner.py:76} INFO - Running: ['airflow', 'tasks', 'run', 'runs_dag', 'helloworld', '2021-05-07T11:06:00+00:00', '--job-id', '100', '--pool', 'default_pool', '--raw', '--subdir', 'DAGS_FOLDER/test_dag_runs.py', '--cfg-path', '/tmp/tmpj1qm0sbw', '--error-file', '/tmp/tmpmat6oeux']
[2021-05-07 16:39:02,628] {standard_task_runner.py:77} INFO - Job 100: Subtask helloworld
[2021-05-07 16:39:02,876] {logging_mixin.py:104} INFO - Running <TaskInstance: runs_dag.helloworld 2021-05-07T11:06:00+00:00 [running]> on host jaarora-WX-1.corp.adobe.com
[2021-05-07 16:39:03,078] {taskinstance.py:1257} INFO - Exporting the following env vars:
AIRFLOW_CTX_DAG_EMAIL=jacrod2901@gmail.com
AIRFLOW_CTX_DAG_OWNER=jacrod2901
AIRFLOW_CTX_DAG_ID=runs_dag
AIRFLOW_CTX_TASK_ID=helloworld
AIRFLOW_CTX_EXECUTION_DATE=2021-05-07T11:06:00+00:00
AIRFLOW_CTX_DAG_RUN_ID=scheduled__2021-05-07T11:06:00+00:00
[2021-05-07 16:39:03,080] {python.py:118} INFO - Done. Returned value was: Printing hello world!
[2021-05-07 16:39:03,200] {taskinstance.py:1166} INFO - Marking task as SUCCESS. dag_id=runs_dag, task_id=helloworld, execution_date=20210507T110600, start_date=20210507T110902, end_date=20210507T110903
[2021-05-07 16:39:03,311] {taskinstance.py:1220} INFO - 0 downstream tasks scheduled from follow-on schedule check
[2021-05-07 16:39:03,316] {local_task_job.py:146} INFO - Task exited with return code 0
