[2021-05-07 15:23:54,391] {taskinstance.py:851} INFO - Dependencies all met for <TaskInstance: bash_dag.print_date 2020-05-02T19:02:00+00:00 [queued]>
[2021-05-07 15:23:54,967] {taskinstance.py:851} INFO - Dependencies all met for <TaskInstance: bash_dag.print_date 2020-05-02T19:02:00+00:00 [queued]>
[2021-05-07 15:23:54,968] {taskinstance.py:1042} INFO - 
--------------------------------------------------------------------------------
[2021-05-07 15:23:54,968] {taskinstance.py:1043} INFO - Starting attempt 1 of 2
[2021-05-07 15:23:54,968] {taskinstance.py:1044} INFO - 
--------------------------------------------------------------------------------
[2021-05-07 15:23:55,000] {taskinstance.py:1063} INFO - Executing <Task(BashOperator): print_date> on 2020-05-02T19:02:00+00:00
[2021-05-07 15:23:55,052] {standard_task_runner.py:52} INFO - Started process 5594 to run task
[2021-05-07 15:23:55,135] {standard_task_runner.py:76} INFO - Running: ['airflow', 'tasks', 'run', 'bash_dag', 'print_date', '2020-05-02T19:02:00+00:00', '--job-id', '22', '--pool', 'default_pool', '--raw', '--subdir', 'DAGS_FOLDER/test_dag1.py', '--cfg-path', '/tmp/tmprminhuk7', '--error-file', '/tmp/tmpl8a_uwxh']
[2021-05-07 15:23:55,152] {standard_task_runner.py:77} INFO - Job 22: Subtask print_date
[2021-05-07 15:23:56,731] {logging_mixin.py:104} INFO - Running <TaskInstance: bash_dag.print_date 2020-05-02T19:02:00+00:00 [running]> on host jaarora-WX-1.corp.adobe.com
[2021-05-07 15:23:59,463] {taskinstance.py:1257} INFO - Exporting the following env vars:
AIRFLOW_CTX_DAG_EMAIL=jacrod2901@gmail.com
AIRFLOW_CTX_DAG_OWNER=jacrod2901
AIRFLOW_CTX_DAG_ID=bash_dag
AIRFLOW_CTX_TASK_ID=print_date
AIRFLOW_CTX_EXECUTION_DATE=2020-05-02T19:02:00+00:00
AIRFLOW_CTX_DAG_RUN_ID=scheduled__2020-05-02T19:02:00+00:00
[2021-05-07 15:23:59,466] {bash.py:135} INFO - Tmp dir root location: 
 /tmp
[2021-05-07 15:23:59,470] {bash.py:158} INFO - Running command: date
[2021-05-07 15:23:59,601] {bash.py:169} INFO - Output:
[2021-05-07 15:23:59,767] {bash.py:173} INFO - Fri May  7 15:23:59 IST 2021
[2021-05-07 15:23:59,769] {bash.py:177} INFO - Command exited with return code 0
[2021-05-07 15:24:02,362] {taskinstance.py:1166} INFO - Marking task as SUCCESS. dag_id=bash_dag, task_id=print_date, execution_date=20200502T190200, start_date=20210507T095354, end_date=20210507T095402
[2021-05-07 15:24:03,396] {taskinstance.py:1220} INFO - 0 downstream tasks scheduled from follow-on schedule check
[2021-05-07 15:24:03,445] {local_task_job.py:146} INFO - Task exited with return code 0
