[2021-05-07 15:23:25,247] {taskinstance.py:851} INFO - Dependencies all met for <TaskInstance: bash_dag.print_date 2020-05-02T18:30:00+00:00 [queued]>
[2021-05-07 15:23:25,527] {taskinstance.py:851} INFO - Dependencies all met for <TaskInstance: bash_dag.print_date 2020-05-02T18:30:00+00:00 [queued]>
[2021-05-07 15:23:25,528] {taskinstance.py:1042} INFO - 
--------------------------------------------------------------------------------
[2021-05-07 15:23:25,528] {taskinstance.py:1043} INFO - Starting attempt 1 of 2
[2021-05-07 15:23:25,528] {taskinstance.py:1044} INFO - 
--------------------------------------------------------------------------------
[2021-05-07 15:23:25,573] {taskinstance.py:1063} INFO - Executing <Task(BashOperator): print_date> on 2020-05-02T18:30:00+00:00
[2021-05-07 15:23:25,607] {standard_task_runner.py:52} INFO - Started process 5037 to run task
[2021-05-07 15:23:25,637] {standard_task_runner.py:76} INFO - Running: ['airflow', 'tasks', 'run', 'bash_dag', 'print_date', '2020-05-02T18:30:00+00:00', '--job-id', '5', '--pool', 'default_pool', '--raw', '--subdir', 'DAGS_FOLDER/test_dag1.py', '--cfg-path', '/tmp/tmpecpeh9lg', '--error-file', '/tmp/tmp2yl1ksq7']
[2021-05-07 15:23:25,662] {standard_task_runner.py:77} INFO - Job 5: Subtask print_date
[2021-05-07 15:23:26,577] {logging_mixin.py:104} INFO - Running <TaskInstance: bash_dag.print_date 2020-05-02T18:30:00+00:00 [running]> on host jaarora-WX-1.corp.adobe.com
[2021-05-07 15:23:27,301] {taskinstance.py:1257} INFO - Exporting the following env vars:
AIRFLOW_CTX_DAG_EMAIL=jacrod2901@gmail.com
AIRFLOW_CTX_DAG_OWNER=jacrod2901
AIRFLOW_CTX_DAG_ID=bash_dag
AIRFLOW_CTX_TASK_ID=print_date
AIRFLOW_CTX_EXECUTION_DATE=2020-05-02T18:30:00+00:00
AIRFLOW_CTX_DAG_RUN_ID=scheduled__2020-05-02T18:30:00+00:00
[2021-05-07 15:23:27,302] {bash.py:135} INFO - Tmp dir root location: 
 /tmp
[2021-05-07 15:23:27,303] {bash.py:158} INFO - Running command: date
[2021-05-07 15:23:27,348] {bash.py:169} INFO - Output:
[2021-05-07 15:23:27,376] {bash.py:173} INFO - Fri May  7 15:23:27 IST 2021
[2021-05-07 15:23:27,377] {bash.py:177} INFO - Command exited with return code 0
[2021-05-07 15:23:28,155] {taskinstance.py:1166} INFO - Marking task as SUCCESS. dag_id=bash_dag, task_id=print_date, execution_date=20200502T183000, start_date=20210507T095325, end_date=20210507T095328
[2021-05-07 15:23:28,585] {taskinstance.py:1220} INFO - 0 downstream tasks scheduled from follow-on schedule check
[2021-05-07 15:23:28,607] {local_task_job.py:146} INFO - Task exited with return code 0
