[2021-05-07 16:11:00,409] {taskinstance.py:851} INFO - Dependencies all met for <TaskInstance: runs_dag.helloworld 2021-05-07T10:36:00+00:00 [queued]>
[2021-05-07 16:11:00,482] {taskinstance.py:851} INFO - Dependencies all met for <TaskInstance: runs_dag.helloworld 2021-05-07T10:36:00+00:00 [queued]>
[2021-05-07 16:11:00,482] {taskinstance.py:1042} INFO - 
--------------------------------------------------------------------------------
[2021-05-07 16:11:00,483] {taskinstance.py:1043} INFO - Starting attempt 1 of 2
[2021-05-07 16:11:00,483] {taskinstance.py:1044} INFO - 
--------------------------------------------------------------------------------
[2021-05-07 16:11:00,503] {taskinstance.py:1063} INFO - Executing <Task(PythonOperator): helloworld> on 2021-05-07T10:36:00+00:00
[2021-05-07 16:11:00,528] {standard_task_runner.py:52} INFO - Started process 20920 to run task
[2021-05-07 16:11:00,553] {standard_task_runner.py:76} INFO - Running: ['airflow', 'tasks', 'run', 'runs_dag', 'helloworld', '2021-05-07T10:36:00+00:00', '--job-id', '89', '--pool', 'default_pool', '--raw', '--subdir', 'DAGS_FOLDER/test_dag_runs.py', '--cfg-path', '/tmp/tmpll66ap_s', '--error-file', '/tmp/tmp6g50av8s']
[2021-05-07 16:11:00,562] {standard_task_runner.py:77} INFO - Job 89: Subtask helloworld
[2021-05-07 16:11:01,140] {logging_mixin.py:104} INFO - Running <TaskInstance: runs_dag.helloworld 2021-05-07T10:36:00+00:00 [running]> on host jaarora-WX-1.corp.adobe.com
[2021-05-07 16:11:01,726] {taskinstance.py:1257} INFO - Exporting the following env vars:
AIRFLOW_CTX_DAG_EMAIL=jacrod2901@gmail.com
AIRFLOW_CTX_DAG_OWNER=jacrod2901
AIRFLOW_CTX_DAG_ID=runs_dag
AIRFLOW_CTX_TASK_ID=helloworld
AIRFLOW_CTX_EXECUTION_DATE=2021-05-07T10:36:00+00:00
AIRFLOW_CTX_DAG_RUN_ID=scheduled__2021-05-07T10:36:00+00:00
[2021-05-07 16:11:01,728] {python.py:118} INFO - Done. Returned value was: Printing hello world!
[2021-05-07 16:11:02,032] {taskinstance.py:1166} INFO - Marking task as SUCCESS. dag_id=runs_dag, task_id=helloworld, execution_date=20210507T103600, start_date=20210507T104100, end_date=20210507T104102
[2021-05-07 16:11:02,253] {taskinstance.py:1220} INFO - 0 downstream tasks scheduled from follow-on schedule check
[2021-05-07 16:11:02,271] {local_task_job.py:146} INFO - Task exited with return code 0
