[2021-05-07 17:12:01,794] {taskinstance.py:851} INFO - Dependencies all met for <TaskInstance: runs_dag.helloworld 2021-05-07T11:39:00+00:00 [queued]>
[2021-05-07 17:12:01,853] {taskinstance.py:851} INFO - Dependencies all met for <TaskInstance: runs_dag.helloworld 2021-05-07T11:39:00+00:00 [queued]>
[2021-05-07 17:12:01,853] {taskinstance.py:1042} INFO - 
--------------------------------------------------------------------------------
[2021-05-07 17:12:01,853] {taskinstance.py:1043} INFO - Starting attempt 1 of 2
[2021-05-07 17:12:01,853] {taskinstance.py:1044} INFO - 
--------------------------------------------------------------------------------
[2021-05-07 17:12:01,871] {taskinstance.py:1063} INFO - Executing <Task(PythonOperator): helloworld> on 2021-05-07T11:39:00+00:00
[2021-05-07 17:12:01,891] {standard_task_runner.py:52} INFO - Started process 10901 to run task
[2021-05-07 17:12:01,916] {standard_task_runner.py:76} INFO - Running: ['airflow', 'tasks', 'run', 'runs_dag', 'helloworld', '2021-05-07T11:39:00+00:00', '--job-id', '111', '--pool', 'default_pool', '--raw', '--subdir', 'DAGS_FOLDER/test_dag_runs.py', '--cfg-path', '/tmp/tmpq5uq0owu', '--error-file', '/tmp/tmpfvzgzuej']
[2021-05-07 17:12:01,923] {standard_task_runner.py:77} INFO - Job 111: Subtask helloworld
[2021-05-07 17:12:02,137] {logging_mixin.py:104} INFO - Running <TaskInstance: runs_dag.helloworld 2021-05-07T11:39:00+00:00 [running]> on host jaarora-WX-1.corp.adobe.com
[2021-05-07 17:12:02,342] {taskinstance.py:1257} INFO - Exporting the following env vars:
AIRFLOW_CTX_DAG_EMAIL=jacrod2901@gmail.com
AIRFLOW_CTX_DAG_OWNER=jacrod2901
AIRFLOW_CTX_DAG_ID=runs_dag
AIRFLOW_CTX_TASK_ID=helloworld
AIRFLOW_CTX_EXECUTION_DATE=2021-05-07T11:39:00+00:00
AIRFLOW_CTX_DAG_RUN_ID=scheduled__2021-05-07T11:39:00+00:00
[2021-05-07 17:12:02,344] {python.py:118} INFO - Done. Returned value was: Printing hello world!
[2021-05-07 17:12:02,486] {taskinstance.py:1166} INFO - Marking task as SUCCESS. dag_id=runs_dag, task_id=helloworld, execution_date=20210507T113900, start_date=20210507T114201, end_date=20210507T114202
[2021-05-07 17:12:02,585] {taskinstance.py:1220} INFO - 0 downstream tasks scheduled from follow-on schedule check
[2021-05-07 17:12:02,618] {local_task_job.py:146} INFO - Task exited with return code 0
