[2021-05-07 15:39:31,543] {taskinstance.py:851} INFO - Dependencies all met for <TaskInstance: python_dag.helloworld 2020-05-02T19:48:00+00:00 [queued]>
[2021-05-07 15:39:31,867] {taskinstance.py:851} INFO - Dependencies all met for <TaskInstance: python_dag.helloworld 2020-05-02T19:48:00+00:00 [queued]>
[2021-05-07 15:39:31,867] {taskinstance.py:1042} INFO - 
--------------------------------------------------------------------------------
[2021-05-07 15:39:31,867] {taskinstance.py:1043} INFO - Starting attempt 1 of 2
[2021-05-07 15:39:31,868] {taskinstance.py:1044} INFO - 
--------------------------------------------------------------------------------
[2021-05-07 15:39:31,916] {taskinstance.py:1063} INFO - Executing <Task(PythonOperator): helloworld> on 2020-05-02T19:48:00+00:00
[2021-05-07 15:39:31,954] {standard_task_runner.py:52} INFO - Started process 12241 to run task
[2021-05-07 15:39:31,989] {standard_task_runner.py:76} INFO - Running: ['airflow', 'tasks', 'run', 'python_dag', 'helloworld', '2020-05-02T19:48:00+00:00', '--job-id', '78', '--pool', 'default_pool', '--raw', '--subdir', 'DAGS_FOLDER/test_dag_python.py', '--cfg-path', '/tmp/tmpz78nu4x3', '--error-file', '/tmp/tmpjbov3w2d']
[2021-05-07 15:39:32,003] {standard_task_runner.py:77} INFO - Job 78: Subtask helloworld
[2021-05-07 15:39:32,994] {logging_mixin.py:104} INFO - Running <TaskInstance: python_dag.helloworld 2020-05-02T19:48:00+00:00 [running]> on host jaarora-WX-1.corp.adobe.com
[2021-05-07 15:39:34,287] {taskinstance.py:1257} INFO - Exporting the following env vars:
AIRFLOW_CTX_DAG_EMAIL=jacrod2901@gmail.com
AIRFLOW_CTX_DAG_OWNER=jacrod2901
AIRFLOW_CTX_DAG_ID=python_dag
AIRFLOW_CTX_TASK_ID=helloworld
AIRFLOW_CTX_EXECUTION_DATE=2020-05-02T19:48:00+00:00
AIRFLOW_CTX_DAG_RUN_ID=scheduled__2020-05-02T19:48:00+00:00
[2021-05-07 15:39:34,290] {python.py:118} INFO - Done. Returned value was: Printing hello world!
[2021-05-07 15:39:35,159] {taskinstance.py:1166} INFO - Marking task as SUCCESS. dag_id=python_dag, task_id=helloworld, execution_date=20200502T194800, start_date=20210507T100931, end_date=20210507T100935
[2021-05-07 15:39:36,057] {taskinstance.py:1220} INFO - 0 downstream tasks scheduled from follow-on schedule check
[2021-05-07 15:39:36,067] {local_task_job.py:146} INFO - Task exited with return code 0
