[2021-05-07 15:38:36,551] {taskinstance.py:851} INFO - Dependencies all met for <TaskInstance: python_dag.helloworld 2020-05-02T18:54:00+00:00 [queued]>
[2021-05-07 15:38:37,070] {taskinstance.py:851} INFO - Dependencies all met for <TaskInstance: python_dag.helloworld 2020-05-02T18:54:00+00:00 [queued]>
[2021-05-07 15:38:37,070] {taskinstance.py:1042} INFO - 
--------------------------------------------------------------------------------
[2021-05-07 15:38:37,071] {taskinstance.py:1043} INFO - Starting attempt 1 of 2
[2021-05-07 15:38:37,071] {taskinstance.py:1044} INFO - 
--------------------------------------------------------------------------------
[2021-05-07 15:38:37,148] {taskinstance.py:1063} INFO - Executing <Task(PythonOperator): helloworld> on 2020-05-02T18:54:00+00:00
[2021-05-07 15:38:37,190] {standard_task_runner.py:52} INFO - Started process 11293 to run task
[2021-05-07 15:38:37,226] {standard_task_runner.py:76} INFO - Running: ['airflow', 'tasks', 'run', 'python_dag', 'helloworld', '2020-05-02T18:54:00+00:00', '--job-id', '51', '--pool', 'default_pool', '--raw', '--subdir', 'DAGS_FOLDER/test_dag_python.py', '--cfg-path', '/tmp/tmp8jc4m9u2', '--error-file', '/tmp/tmp8klzvqgt']
[2021-05-07 15:38:37,250] {standard_task_runner.py:77} INFO - Job 51: Subtask helloworld
[2021-05-07 15:38:38,621] {logging_mixin.py:104} INFO - Running <TaskInstance: python_dag.helloworld 2020-05-02T18:54:00+00:00 [running]> on host jaarora-WX-1.corp.adobe.com
[2021-05-07 15:38:40,430] {taskinstance.py:1257} INFO - Exporting the following env vars:
AIRFLOW_CTX_DAG_EMAIL=jacrod2901@gmail.com
AIRFLOW_CTX_DAG_OWNER=jacrod2901
AIRFLOW_CTX_DAG_ID=python_dag
AIRFLOW_CTX_TASK_ID=helloworld
AIRFLOW_CTX_EXECUTION_DATE=2020-05-02T18:54:00+00:00
AIRFLOW_CTX_DAG_RUN_ID=scheduled__2020-05-02T18:54:00+00:00
[2021-05-07 15:38:40,433] {python.py:118} INFO - Done. Returned value was: Printing hello world!
[2021-05-07 15:38:41,672] {taskinstance.py:1166} INFO - Marking task as SUCCESS. dag_id=python_dag, task_id=helloworld, execution_date=20200502T185400, start_date=20210507T100836, end_date=20210507T100841
[2021-05-07 15:38:42,836] {taskinstance.py:1220} INFO - 0 downstream tasks scheduled from follow-on schedule check
[2021-05-07 15:38:43,406] {local_task_job.py:146} INFO - Task exited with return code 0
