[2021-05-07 15:24:36,663] {taskinstance.py:851} INFO - Dependencies all met for <TaskInstance: bash_dag.print_date 2020-05-02T19:30:00+00:00 [queued]>
[2021-05-07 15:24:36,746] {taskinstance.py:851} INFO - Dependencies all met for <TaskInstance: bash_dag.print_date 2020-05-02T19:30:00+00:00 [queued]>
[2021-05-07 15:24:36,746] {taskinstance.py:1042} INFO - 
--------------------------------------------------------------------------------
[2021-05-07 15:24:36,746] {taskinstance.py:1043} INFO - Starting attempt 1 of 2
[2021-05-07 15:24:36,746] {taskinstance.py:1044} INFO - 
--------------------------------------------------------------------------------
[2021-05-07 15:24:36,779] {taskinstance.py:1063} INFO - Executing <Task(BashOperator): print_date> on 2020-05-02T19:30:00+00:00
[2021-05-07 15:24:36,795] {standard_task_runner.py:52} INFO - Started process 6184 to run task
[2021-05-07 15:24:36,814] {standard_task_runner.py:76} INFO - Running: ['airflow', 'tasks', 'run', 'bash_dag', 'print_date', '2020-05-02T19:30:00+00:00', '--job-id', '36', '--pool', 'default_pool', '--raw', '--subdir', 'DAGS_FOLDER/test_dag1.py', '--cfg-path', '/tmp/tmpp4s4y_rj', '--error-file', '/tmp/tmpz83f6l6x']
[2021-05-07 15:24:36,822] {standard_task_runner.py:77} INFO - Job 36: Subtask print_date
[2021-05-07 15:24:37,070] {logging_mixin.py:104} INFO - Running <TaskInstance: bash_dag.print_date 2020-05-02T19:30:00+00:00 [running]> on host jaarora-WX-1.corp.adobe.com
[2021-05-07 15:24:37,312] {taskinstance.py:1257} INFO - Exporting the following env vars:
AIRFLOW_CTX_DAG_EMAIL=jacrod2901@gmail.com
AIRFLOW_CTX_DAG_OWNER=jacrod2901
AIRFLOW_CTX_DAG_ID=bash_dag
AIRFLOW_CTX_TASK_ID=print_date
AIRFLOW_CTX_EXECUTION_DATE=2020-05-02T19:30:00+00:00
AIRFLOW_CTX_DAG_RUN_ID=scheduled__2020-05-02T19:30:00+00:00
[2021-05-07 15:24:37,314] {bash.py:135} INFO - Tmp dir root location: 
 /tmp
[2021-05-07 15:24:37,316] {bash.py:158} INFO - Running command: date
[2021-05-07 15:24:37,342] {bash.py:169} INFO - Output:
[2021-05-07 15:24:37,359] {bash.py:173} INFO - Fri May  7 15:24:37 IST 2021
[2021-05-07 15:24:37,360] {bash.py:177} INFO - Command exited with return code 0
[2021-05-07 15:24:37,509] {taskinstance.py:1166} INFO - Marking task as SUCCESS. dag_id=bash_dag, task_id=print_date, execution_date=20200502T193000, start_date=20210507T095436, end_date=20210507T095437
[2021-05-07 15:24:37,636] {taskinstance.py:1220} INFO - 0 downstream tasks scheduled from follow-on schedule check
[2021-05-07 15:24:37,644] {local_task_job.py:146} INFO - Task exited with return code 0
